{"C:\\Users\\User\\Projects\\ProjetoV1\\app.js": {"path":"C:\\Users\\User\\Projects\\ProjetoV1\\app.js","statementMap":{"0":{"start":{"line":1,"column":16},"end":{"line":1,"column":34}},"1":{"start":{"line":2,"column":11},"end":{"line":2,"column":24}},"2":{"start":{"line":3,"column":13},"end":{"line":3,"column":28}},"3":{"start":{"line":4,"column":18},"end":{"line":4,"column":47}},"4":{"start":{"line":6,"column":12},"end":{"line":6,"column":21}},"5":{"start":{"line":8,"column":20},"end":{"line":8,"column":65}},"6":{"start":{"line":9,"column":24},"end":{"line":9,"column":47}},"7":{"start":{"line":11,"column":0},"end":{"line":15,"column":2}},"8":{"start":{"line":18,"column":0},"end":{"line":28,"column":3}},"9":{"start":{"line":19,"column":18},"end":{"line":19,"column":50}},"10":{"start":{"line":21,"column":2},"end":{"line":23,"column":3}},"11":{"start":{"line":22,"column":4},"end":{"line":22,"column":70}},"12":{"start":{"line":25,"column":17},"end":{"line":25,"column":36}},"13":{"start":{"line":27,"column":2},"end":{"line":27,"column":32}},"14":{"start":{"line":31,"column":0},"end":{"line":41,"column":3}},"15":{"start":{"line":32,"column":18},"end":{"line":32,"column":50}},"16":{"start":{"line":34,"column":2},"end":{"line":36,"column":3}},"17":{"start":{"line":35,"column":4},"end":{"line":35,"column":70}},"18":{"start":{"line":38,"column":14},"end":{"line":38,"column":48}},"19":{"start":{"line":40,"column":2},"end":{"line":40,"column":29}},"20":{"start":{"line":43,"column":0},"end":{"line":43,"column":21}}},"fnMap":{"0":{"name":"(anonymous_0)","decl":{"start":{"line":18,"column":31},"end":{"line":18,"column":32}},"loc":{"start":{"line":18,"column":45},"end":{"line":28,"column":1}},"line":18},"1":{"name":"(anonymous_1)","decl":{"start":{"line":31,"column":28},"end":{"line":31,"column":29}},"loc":{"start":{"line":31,"column":42},"end":{"line":41,"column":1}},"line":31}},"branchMap":{"0":{"loc":{"start":{"line":21,"column":2},"end":{"line":23,"column":3}},"type":"if","locations":[{"start":{"line":21,"column":2},"end":{"line":23,"column":3}},{"start":{},"end":{}}],"line":21},"1":{"loc":{"start":{"line":34,"column":2},"end":{"line":36,"column":3}},"type":"if","locations":[{"start":{"line":34,"column":2},"end":{"line":36,"column":3}},{"start":{},"end":{}}],"line":34}},"s":{"0":1,"1":1,"2":1,"3":1,"4":1,"5":1,"6":1,"7":1,"8":1,"9":2,"10":2,"11":1,"12":1,"13":1,"14":1,"15":0,"16":0,"17":0,"18":0,"19":0,"20":1},"f":{"0":2,"1":0},"b":{"0":[1,1],"1":[0,0]},"_coverageSchema":"1a1c01bbd47fc00a2c39e90264f33305004495a9","hash":"b6f0100774441f57327b0ebe33389fee902fcac7"}
}
